#
# There is insufficient memory for the Java Runtime Environment to continue.
# Native memory allocation (mmap) failed to map 268435456 bytes for G1 virtual space
# Possible reasons:
#   The system is out of physical RAM or swap space
#   The process is running with CompressedOops enabled, and the Java Heap may be blocking the growth of the native heap
# Possible solutions:
#   Reduce memory load on the system
#   Increase physical memory or swap space
#   Check if swap backing store is full
#   Decrease Java heap size (-Xmx/-Xms)
#   Decrease number of Java threads
#   Decrease Java thread stack sizes (-Xss)
#   Set larger code cache with -XX:ReservedCodeCacheSize=
#   JVM is running with Zero Based Compressed Oops mode in which the Java heap is
#     placed in the first 32GB address space. The Java Heap base address is the
#     maximum limit for the native heap growth. Please use -XX:HeapBaseMinAddress
#     to set the Java Heap base and to place the Java Heap above 32GB virtual address.
# This output file may be truncated or incomplete.
#
#  Out of Memory Error (os_windows.cpp:3466), pid=18576, tid=30804
#
# JRE version:  (16.0+36) (build )
# Java VM: Java HotSpot(TM) 64-Bit Server VM (16+36-2231, mixed mode, sharing, tiered, compressed oops, g1 gc, windows-amd64)
# No core dump will be written. Minidumps are not enabled by default on client versions of Windows
#

---------------  S U M M A R Y ------------

Command Line: -Dspring.lsp.client-port=45556 -Dserver.port=45556 -Dsts.lsp.client=vscode -Dsts.log.file=/dev/null -XX:TieredStopAtLevel=1 -Dspring.config.location=file:c:\Users\anhdt62\.vscode\extensions\pivotal.vscode-spring-boot-1.25.1\language-server\BOOT-INF\classes\application.properties org.springframework.ide.vscode.boot.app.BootLanguagServerBootApp

Host: Intel(R) Core(TM) i3-8130U CPU @ 2.20GHz, 4 cores, 15G,  Windows 10 , 64 bit Build 19041 (10.0.19041.928)
Time: Thu May 27 11:28:10 2021 SE Asia Standard Time elapsed time: 0.097913 seconds (0d 0h 0m 0s)

---------------  T H R E A D  ---------------

Current thread (0x000001f3a95d0490):  JavaThread "Unknown thread" [_thread_in_vm, id=30804, stack(0x00000047dbe00000,0x00000047dbf00000)]

Stack: [0x00000047dbe00000,0x00000047dbf00000]
Native frames: (J=compiled Java code, j=interpreted, Vv=VM code, C=native code)
V  [jvm.dll+0x6681da]
V  [jvm.dll+0x7c9d99]
V  [jvm.dll+0x7cb4d3]
V  [jvm.dll+0x7cbb33]
V  [jvm.dll+0x242ee5]
V  [jvm.dll+0x664f99]
V  [jvm.dll+0x659b85]
V  [jvm.dll+0x2fbfcb]
V  [jvm.dll+0x3031c6]
V  [jvm.dll+0x352a0e]
V  [jvm.dll+0x352c3f]
V  [jvm.dll+0x2d3038]
V  [jvm.dll+0x2d4274]
V  [jvm.dll+0x79c691]
V  [jvm.dll+0x3607b1]
V  [jvm.dll+0x77a370]
V  [jvm.dll+0x3e501f]
V  [jvm.dll+0x3e6af1]
C  [jli.dll+0x52fb]
C  [ucrtbase.dll+0x21bb2]
C  [KERNEL32.DLL+0x17034]
C  [ntdll.dll+0x52651]


---------------  P R O C E S S  ---------------

Threads class SMR info:
_java_thread_list=0x00007fffda79cbb8, length=0, elements={
}

Java Threads: ( => current thread )

Other Threads:
  0x000001f3a961e4c0 GCTaskThread "GC Thread#0" [stack: 0x00000047dbf00000,0x00000047dc000000] [id=5708]
  0x000001f3a9630360 ConcurrentGCThread "G1 Main Marker" [stack: 0x00000047dc000000,0x00000047dc100000] [id=28764]
  0x000001f3a9630dd0 ConcurrentGCThread "G1 Conc#0" [stack: 0x00000047dc100000,0x00000047dc200000] [id=14716]

[error occurred during error reporting (printing all threads), id 0xc0000005, EXCEPTION_ACCESS_VIOLATION (0xc0000005) at pc=0x00007fffd9f73ef7]

VM state: not at safepoint (not fully initialized)

VM Mutex/Monitor currently owned by a thread:  ([mutex/lock_event])
[0x000001f3a95cc6e0] Heap_lock - owner thread: 0x000001f3a95d0490

Heap address: 0x0000000701a00000, size: 4070 MB, Compressed Oops mode: Zero based, Oop shift amount: 3
CDS archive(s) mapped at: [0x0000000000000000-0x0000000000000000-0x0000000000000000), size 0, SharedBaseAddress: 0x0000000800000000, ArchiveRelocationMode: 0.
Narrow klass base: 0x0000000000000000, Narrow klass shift: 0, Narrow klass range: 0x0

GC Precious Log:
<Empty>

Heap:
 garbage-first heap   total 0K, used 0K [0x0000000701a00000, 0x0000000800000000)
  region size 2048K, 0 young (0K), 0 survivors (0K)

[error occurred during error reporting (printing heap information), id 0xc0000005, EXCEPTION_ACCESS_VIOLATION (0xc0000005) at pc=0x00007fffda351edd]

GC Heap History (0 events):
No events

Deoptimization events (0 events):
No events

Classes unloaded (0 events):
No events

Classes redefined (0 events):
No events

Internal exceptions (0 events):
No events

Events (1 events):
Event: 0.028 Loaded shared library C:\Program Files\Java\jdk-16\bin\java.dll


Dynamic libraries:
0x00007ff7aa270000 - 0x00007ff7aa280000 	C:\Program Files\Java\jdk-16\bin\java.exe
0x00007ff835650000 - 0x00007ff835845000 	C:\WINDOWS\SYSTEM32\ntdll.dll
0x00007ff834aa0000 - 0x00007ff834b5d000 	C:\WINDOWS\System32\KERNEL32.DLL
0x00007ff8331a0000 - 0x00007ff833468000 	C:\WINDOWS\System32\KERNELBASE.dll
0x00007ff8335b0000 - 0x00007ff8336b0000 	C:\WINDOWS\System32\ucrtbase.dll
0x00007ff810060000 - 0x00007ff810078000 	C:\Program Files\Java\jdk-16\bin\jli.dll
0x00007ff834870000 - 0x00007ff83491c000 	C:\WINDOWS\System32\ADVAPI32.dll
0x00007ff8352b0000 - 0x00007ff83534e000 	C:\WINDOWS\System32\msvcrt.dll
0x00007ff8351e0000 - 0x00007ff83527b000 	C:\WINDOWS\System32\sechost.dll
0x00007ff8337d0000 - 0x00007ff8338fb000 	C:\WINDOWS\System32\RPCRT4.dll
0x00007ff834200000 - 0x00007ff8343a0000 	C:\WINDOWS\System32\USER32.dll
0x00007ff833170000 - 0x00007ff833192000 	C:\WINDOWS\System32\win32u.dll
0x00007ff834140000 - 0x00007ff83416a000 	C:\WINDOWS\System32\GDI32.dll
0x00007ff8334a0000 - 0x00007ff8335ab000 	C:\WINDOWS\System32\gdi32full.dll
0x00007ff8330d0000 - 0x00007ff83316d000 	C:\WINDOWS\System32\msvcp_win.dll
0x00007ff80e200000 - 0x00007ff80e219000 	C:\Program Files\Java\jdk-16\bin\VCRUNTIME140.dll
0x00007ff81b590000 - 0x00007ff81b82a000 	C:\WINDOWS\WinSxS\amd64_microsoft.windows.common-controls_6595b64144ccf1df_6.0.19041.844_none_ca00b6081b84eb1d\COMCTL32.dll
0x00007ff81fba0000 - 0x00007ff81fbaa000 	C:\WINDOWS\SYSTEM32\VERSION.dll
0x00007ff835280000 - 0x00007ff8352b0000 	C:\WINDOWS\System32\IMM32.DLL
0x00007ff827300000 - 0x00007ff82730c000 	C:\Program Files\Java\jdk-16\bin\vcruntime140_1.dll
0x00007fffe6eb0000 - 0x00007fffe6f41000 	C:\Program Files\Java\jdk-16\bin\msvcp140.dll
0x00007fffd9c90000 - 0x00007fffda83b000 	C:\Program Files\Java\jdk-16\bin\server\jvm.dll
0x00007ff8350a0000 - 0x00007ff8350a8000 	C:\WINDOWS\System32\PSAPI.DLL
0x00007ff827260000 - 0x00007ff827269000 	C:\WINDOWS\SYSTEM32\WSOCK32.dll
0x00007ff8349d0000 - 0x00007ff834a3b000 	C:\WINDOWS\System32\WS2_32.dll
0x00007ff816a30000 - 0x00007ff816a57000 	C:\WINDOWS\SYSTEM32\WINMM.dll
0x00007ff830d60000 - 0x00007ff830d72000 	C:\WINDOWS\SYSTEM32\kernel.appcore.dll
0x00007ff826c60000 - 0x00007ff826c6a000 	C:\Program Files\Java\jdk-16\bin\jimage.dll
0x00007ff82da30000 - 0x00007ff82dc14000 	C:\WINDOWS\SYSTEM32\DBGHELP.DLL
0x00007ff815f70000 - 0x00007ff815f9c000 	C:\WINDOWS\SYSTEM32\dbgcore.DLL
0x00007ff832d90000 - 0x00007ff832e10000 	C:\WINDOWS\System32\bcryptPrimitives.dll
0x00007ff803ee0000 - 0x00007ff803f05000 	C:\Program Files\Java\jdk-16\bin\java.dll

dbghelp: loaded successfully - version: 4.0.5 - missing functions: none
symbol engine: initialized successfully - sym options: 0x614 - pdb path: .;C:\Program Files\Java\jdk-16\bin;C:\WINDOWS\SYSTEM32;C:\WINDOWS\WinSxS\amd64_microsoft.windows.common-controls_6595b64144ccf1df_6.0.19041.844_none_ca00b6081b84eb1d;C:\Program Files\Java\jdk-16\bin\server

VM Arguments:
jvm_args: -Dspring.lsp.client-port=45556 -Dserver.port=45556 -Dsts.lsp.client=vscode -Dsts.log.file=/dev/null -XX:TieredStopAtLevel=1 -Dspring.config.location=file:c:\Users\anhdt62\.vscode\extensions\pivotal.vscode-spring-boot-1.25.1\language-server\BOOT-INF\classes\application.properties 
java_command: org.springframework.ide.vscode.boot.app.BootLanguagServerBootApp
java_class_path (initial): c:\Users\anhdt62\.vscode\extensions\pivotal.vscode-spring-boot-1.25.1\language-server\BOOT-INF\classes;c:\Users\anhdt62\.vscode\extensions\pivotal.vscode-spring-boot-1.25.1\language-server\BOOT-INF\lib\antlr4-runtime-4.5.3.jar;c:\Users\anhdt62\.vscode\extensions\pivotal.vscode-spring-boot-1.25.1\language-server\BOOT-INF\lib\byte-buddy-1.10.18.jar;c:\Users\anhdt62\.vscode\extensions\pivotal.vscode-spring-boot-1.25.1\language-server\BOOT-INF\lib\commons-codec-1.14.jar;c:\Users\anhdt62\.vscode\extensions\pivotal.vscode-spring-boot-1.25.1\language-server\BOOT-INF\lib\commons-io-2.4.jar;c:\Users\anhdt62\.vscode\extensions\pivotal.vscode-spring-boot-1.25.1\language-server\BOOT-INF\lib\commons-java-1.25.1-SNAPSHOT.jar;c:\Users\anhdt62\.vscode\extensions\pivotal.vscode-spring-boot-1.25.1\language-server\BOOT-INF\lib\commons-lang3-3.10.jar;c:\Users\anhdt62\.vscode\extensions\pivotal.vscode-spring-boot-1.25.1\language-server\BOOT-INF\lib\commons-language-server-1.25.1-SNAPSHOT.jar;c:\Users\anhdt62\.vscode\extensions\pivotal.vscode-spring-boot-1.25.1\language-server\BOOT-INF\lib\commons-lsp-extensions-1.25.1-SNAPSHOT.jar;c:\Users\anhdt62\.vscode\extensions\pivotal.vscode-spring-boot-1.25.1\language-server\BOOT-INF\lib\commons-util-1.25.1-SNAPSHOT.jar;c:\Users\anhdt62\.vscode\extensions\pivotal.vscode-spring-boot-1.25.1\language-server\BOOT-INF\lib\commons-yaml-1.25.1-SNAPSHOT.jar;c:\Users\anhdt62\.vscode\extensions\pivotal.vscode-spring-boot-1.25.1\language-server\BOOT-INF\lib\gson-2.8.6.jar;c:\Users\anhdt62\.vscode\extensions\pivotal.vscode-spring-boot-1.25.1\language-server\BOOT-INF\lib\guava-19.0.jar;c:\Users\anhdt62\.vscode\extensions\pivotal.vscode-spring-boot-1.25.1\language-server\BOOT-INF\lib\jakarta.annotation-api-1.3.5.jar;c:\Users\anhdt62\.vscode\extensions\pivotal.vscode-spring-boot-1.25.1\language-server\BOOT-INF\lib\jandex-2.0.5.Final.jar;c:\Users\anhdt62\.vscode\extensions\pivotal.vscode-spring-boot-1.25.1\language-server\BOOT-INF\li
Launcher Type: SUN_STANDARD

[Global flags]
     intx CICompilerCount                          = 3                                         {product} {ergonomic}
     uint ConcGCThreads                            = 1                                         {product} {ergonomic}
     uint G1ConcRefinementThreads                  = 4                                         {product} {ergonomic}
   size_t G1HeapRegionSize                         = 2097152                                   {product} {ergonomic}
    uintx GCDrainStackTargetSize                   = 64                                        {product} {ergonomic}
   size_t InitialHeapSize                          = 268435456                                 {product} {ergonomic}
   size_t MarkStackSize                            = 4194304                                   {product} {ergonomic}
   size_t MaxHeapSize                              = 4267704320                                {product} {ergonomic}
   size_t MinHeapDeltaBytes                        = 2097152                                   {product} {ergonomic}
   size_t MinHeapSize                              = 8388608                                   {product} {ergonomic}
    uintx NonNMethodCodeHeapSize                   = 6973028                                {pd product} {ergonomic}
    uintx NonProfiledCodeHeapSize                  = 244685212                              {pd product} {ergonomic}
    uintx ProfiledCodeHeapSize                     = 0                                      {pd product} {ergonomic}
    uintx ReservedCodeCacheSize                    = 251658240                              {pd product} {ergonomic}
     bool SegmentedCodeCache                       = true                                      {product} {ergonomic}
   size_t SoftMaxHeapSize                          = 4267704320                             {manageable} {ergonomic}
     intx TieredStopAtLevel                        = 1                                         {product} {command line}
     bool UseCompressedClassPointers               = true                           {product lp64_product} {ergonomic}
     bool UseCompressedOops                        = true                           {product lp64_product} {ergonomic}
     bool UseG1GC                                  = true                                      {product} {ergonomic}
     bool UseLargePagesIndividualAllocation        = false                                  {pd product} {ergonomic}

Logging:
Log output configuration:
 #0: stdout all=warning uptime,level,tags
 #1: stderr all=off uptime,level,tags

Environment Variables:
PATH=C:\Program Files\Common Files\Oracle\Java\javapath;C:\WINDOWS\system32;C:\WINDOWS;C:\WINDOWS\System32\Wbem;C:\WINDOWS\System32\WindowsPowerShell\v1.0\;C:\WINDOWS\System32\OpenSSH\;C:\Program Files\Docker\Docker\resources\bin;C:\ProgramData\DockerDesktop\version-bin;C:\Program Files\Go\bin;C:\Program Files\apache-maven-3.8.1\bin;C:\Program Files\Java\jdk-16;C:\Program Files\heroku\bin;C:\Users\anhdt62\AppData\Local\Microsoft\WindowsApps;C:\Users\anhdt62\AppData\Local\Programs\Microsoft VS Code\bin;C:\Users\anhdt62\AppData\Local\Programs\Git\cmd;C:\Users\anhdt62\go\bin
USERNAME=anhdt62
OS=Windows_NT
PROCESSOR_IDENTIFIER=Intel64 Family 6 Model 142 Stepping 10, GenuineIntel



---------------  S Y S T E M  ---------------

OS:
 Windows 10 , 64 bit Build 19041 (10.0.19041.928)
OS uptime: 19 days 1:12 hours
Hyper-V role detected

CPU: total 4 (initial active 4) (2 cores per cpu, 2 threads per core) family 6 model 142 stepping 10 microcode 0xe0, cx8, cmov, fxsr, ht, mmx, 3dnowpref, sse, sse2, sse3, ssse3, sse4.1, sse4.2, popcnt, lzcnt, tsc, tscinvbit, avx, avx2, aes, erms, clmul, bmi1, bmi2, adx, fma, vzeroupper, clflush, clflushopt, hv

Memory: 4k page, system-wide physical 16279M (1099M free)
TotalPageFile size 31421M (AvailPageFile size 427M)
current process WorkingSet (physical memory assigned to process): 10M, peak: 10M
current process commit charge ("private bytes"): 49M, peak: 305M

vm_info: Java HotSpot(TM) 64-Bit Server VM (16+36-2231) for windows-amd64 JRE (16+36-2231), built on Feb  8 2021 11:43:10 by "mach5one" with MS VC++ 16.7 (VS2019)

END.
